{"@timestamp":"2025-06-18T00:16:38.6502359+05:30","@version":"1","message":"Starting ActuatorAppApplication using Java 17.0.12 with PID 21312 (C:\\Users\\LENOVO\\Downloads\\actuator-app\\target\\classes started by LENOVO in C:\\Users\\LENOVO\\Downloads\\actuator-app)","logger_name":"com.actuator_app.ActuatorAppApplication","thread_name":"main","level":"INFO","level_value":20000}
{"@timestamp":"2025-06-18T00:16:38.6772401+05:30","@version":"1","message":"No active profile set, falling back to 1 default profile: \"default\"","logger_name":"com.actuator_app.ActuatorAppApplication","thread_name":"main","level":"INFO","level_value":20000}
{"@timestamp":"2025-06-18T00:16:42.4842332+05:30","@version":"1","message":"Tomcat initialized with port 8080 (http)","logger_name":"org.springframework.boot.web.embedded.tomcat.TomcatWebServer","thread_name":"main","level":"INFO","level_value":20000}
{"@timestamp":"2025-06-18T00:16:42.5102356+05:30","@version":"1","message":"Initializing ProtocolHandler [\"http-nio-8080\"]","logger_name":"org.apache.coyote.http11.Http11NioProtocol","thread_name":"main","level":"INFO","level_value":20000}
{"@timestamp":"2025-06-18T00:16:42.514238+05:30","@version":"1","message":"Starting service [Tomcat]","logger_name":"org.apache.catalina.core.StandardService","thread_name":"main","level":"INFO","level_value":20000}
{"@timestamp":"2025-06-18T00:16:42.5162363+05:30","@version":"1","message":"Starting Servlet engine: [Apache Tomcat/10.1.41]","logger_name":"org.apache.catalina.core.StandardEngine","thread_name":"main","level":"INFO","level_value":20000}
{"@timestamp":"2025-06-18T00:16:42.6582371+05:30","@version":"1","message":"Initializing Spring embedded WebApplicationContext","logger_name":"org.apache.catalina.core.ContainerBase.[Tomcat].[localhost].[/]","thread_name":"main","level":"INFO","level_value":20000}
{"@timestamp":"2025-06-18T00:16:42.6602356+05:30","@version":"1","message":"Root WebApplicationContext: initialization completed in 3869 ms","logger_name":"org.springframework.boot.web.servlet.context.ServletWebServerApplicationContext","thread_name":"main","level":"INFO","level_value":20000}
{"@timestamp":"2025-06-18T00:16:43.5072348+05:30","@version":"1","message":"\r\n\r\nUsing generated security password: cc822c3b-8f38-43ac-b076-b0e585d86f5c\r\n\r\nThis generated password is for development use only. Your security configuration must be updated before running your application in production.\r\n","logger_name":"org.springframework.boot.autoconfigure.security.servlet.UserDetailsServiceAutoConfiguration","thread_name":"main","level":"WARN","level_value":30000}
{"@timestamp":"2025-06-18T00:16:43.5362359+05:30","@version":"1","message":"Global AuthenticationManager configured with UserDetailsService bean with name inMemoryUserDetailsManager","logger_name":"org.springframework.security.config.annotation.authentication.configuration.InitializeUserDetailsBeanManagerConfigurer$InitializeUserDetailsManagerConfigurer","thread_name":"main","level":"INFO","level_value":20000}
{"@timestamp":"2025-06-18T00:16:44.4752333+05:30","@version":"1","message":"Exposing 13 endpoints beneath base path '/actuator'","logger_name":"org.springframework.boot.actuate.endpoint.web.EndpointLinksResolver","thread_name":"main","level":"INFO","level_value":20000}
{"@timestamp":"2025-06-18T00:16:45.1652391+05:30","@version":"1","message":"Starting ProtocolHandler [\"http-nio-8080\"]","logger_name":"org.apache.coyote.http11.Http11NioProtocol","thread_name":"main","level":"INFO","level_value":20000}
{"@timestamp":"2025-06-18T00:16:45.2092381+05:30","@version":"1","message":"Tomcat started on port 8080 (http) with context path '/'","logger_name":"org.springframework.boot.web.embedded.tomcat.TomcatWebServer","thread_name":"main","level":"INFO","level_value":20000}
{"@timestamp":"2025-06-18T00:16:45.2502366+05:30","@version":"1","message":"Started ActuatorAppApplication in 8.846 seconds (process running for 9.778)","logger_name":"com.actuator_app.ActuatorAppApplication","thread_name":"main","level":"INFO","level_value":20000}
{"@timestamp":"2025-06-18T00:18:45.8882909+05:30","@version":"1","message":"Commencing graceful shutdown. Waiting for active requests to complete","logger_name":"org.springframework.boot.web.embedded.tomcat.GracefulShutdown","thread_name":"SpringApplicationShutdownHook","level":"INFO","level_value":20000}
{"@timestamp":"2025-06-18T00:18:45.9712847+05:30","@version":"1","message":"Graceful shutdown complete","logger_name":"org.springframework.boot.web.embedded.tomcat.GracefulShutdown","thread_name":"tomcat-shutdown","level":"INFO","level_value":20000}
{"@timestamp":"2025-06-18T00:18:53.295114+05:30","@version":"1","message":"Starting ActuatorAppApplication using Java 17.0.12 with PID 18576 (C:\\Users\\LENOVO\\Downloads\\actuator-app\\target\\classes started by LENOVO in C:\\Users\\LENOVO\\Downloads\\actuator-app)","logger_name":"com.actuator_app.ActuatorAppApplication","thread_name":"main","level":"INFO","level_value":20000}
{"@timestamp":"2025-06-18T00:18:53.323118+05:30","@version":"1","message":"No active profile set, falling back to 1 default profile: \"default\"","logger_name":"com.actuator_app.ActuatorAppApplication","thread_name":"main","level":"INFO","level_value":20000}
{"@timestamp":"2025-06-18T00:18:56.7626874+05:30","@version":"1","message":"Tomcat initialized with port 8080 (http)","logger_name":"org.springframework.boot.web.embedded.tomcat.TomcatWebServer","thread_name":"main","level":"INFO","level_value":20000}
{"@timestamp":"2025-06-18T00:18:56.7846882+05:30","@version":"1","message":"Initializing ProtocolHandler [\"http-nio-8080\"]","logger_name":"org.apache.coyote.http11.Http11NioProtocol","thread_name":"main","level":"INFO","level_value":20000}
{"@timestamp":"2025-06-18T00:18:56.7876959+05:30","@version":"1","message":"Starting service [Tomcat]","logger_name":"org.apache.catalina.core.StandardService","thread_name":"main","level":"INFO","level_value":20000}
{"@timestamp":"2025-06-18T00:18:56.7886906+05:30","@version":"1","message":"Starting Servlet engine: [Apache Tomcat/10.1.41]","logger_name":"org.apache.catalina.core.StandardEngine","thread_name":"main","level":"INFO","level_value":20000}
{"@timestamp":"2025-06-18T00:18:56.9316891+05:30","@version":"1","message":"Initializing Spring embedded WebApplicationContext","logger_name":"org.apache.catalina.core.ContainerBase.[Tomcat].[localhost].[/]","thread_name":"main","level":"INFO","level_value":20000}
{"@timestamp":"2025-06-18T00:18:56.9326914+05:30","@version":"1","message":"Root WebApplicationContext: initialization completed in 3493 ms","logger_name":"org.springframework.boot.web.servlet.context.ServletWebServerApplicationContext","thread_name":"main","level":"INFO","level_value":20000}
{"@timestamp":"2025-06-18T00:18:57.5406924+05:30","@version":"1","message":"\r\n\r\nUsing generated security password: d5b5dea1-60b9-4ca2-9ad8-6d5975242ed4\r\n\r\nThis generated password is for development use only. Your security configuration must be updated before running your application in production.\r\n","logger_name":"org.springframework.boot.autoconfigure.security.servlet.UserDetailsServiceAutoConfiguration","thread_name":"main","level":"WARN","level_value":30000}
{"@timestamp":"2025-06-18T00:18:57.5596916+05:30","@version":"1","message":"Global AuthenticationManager configured with UserDetailsService bean with name inMemoryUserDetailsManager","logger_name":"org.springframework.security.config.annotation.authentication.configuration.InitializeUserDetailsBeanManagerConfigurer$InitializeUserDetailsManagerConfigurer","thread_name":"main","level":"INFO","level_value":20000}
{"@timestamp":"2025-06-18T00:18:58.6486939+05:30","@version":"1","message":"Exposing 13 endpoints beneath base path '/actuator'","logger_name":"org.springframework.boot.actuate.endpoint.web.EndpointLinksResolver","thread_name":"main","level":"INFO","level_value":20000}
{"@timestamp":"2025-06-18T00:18:59.3126921+05:30","@version":"1","message":"Starting ProtocolHandler [\"http-nio-8080\"]","logger_name":"org.apache.coyote.http11.Http11NioProtocol","thread_name":"main","level":"INFO","level_value":20000}
{"@timestamp":"2025-06-18T00:18:59.3516914+05:30","@version":"1","message":"Tomcat started on port 8080 (http) with context path '/'","logger_name":"org.springframework.boot.web.embedded.tomcat.TomcatWebServer","thread_name":"main","level":"INFO","level_value":20000}
{"@timestamp":"2025-06-18T00:18:59.3846928+05:30","@version":"1","message":"Started ActuatorAppApplication in 8.245 seconds (process running for 9.182)","logger_name":"com.actuator_app.ActuatorAppApplication","thread_name":"main","level":"INFO","level_value":20000}
{"@timestamp":"2025-06-18T00:19:23.2062468+05:30","@version":"1","message":"Commencing graceful shutdown. Waiting for active requests to complete","logger_name":"org.springframework.boot.web.embedded.tomcat.GracefulShutdown","thread_name":"SpringApplicationShutdownHook","level":"INFO","level_value":20000}
{"@timestamp":"2025-06-18T00:19:23.3032459+05:30","@version":"1","message":"Graceful shutdown complete","logger_name":"org.springframework.boot.web.embedded.tomcat.GracefulShutdown","thread_name":"tomcat-shutdown","level":"INFO","level_value":20000}
{"@timestamp":"2025-06-18T00:19:33.1392725+05:30","@version":"1","message":"Starting ActuatorAppApplication using Java 17.0.12 with PID 16652 (C:\\Users\\LENOVO\\Downloads\\actuator-app\\target\\classes started by LENOVO in C:\\Users\\LENOVO\\Downloads\\actuator-app)","logger_name":"com.actuator_app.ActuatorAppApplication","thread_name":"main","level":"INFO","level_value":20000}
{"@timestamp":"2025-06-18T00:19:33.1742744+05:30","@version":"1","message":"No active profile set, falling back to 1 default profile: \"default\"","logger_name":"com.actuator_app.ActuatorAppApplication","thread_name":"main","level":"INFO","level_value":20000}
{"@timestamp":"2025-06-18T00:19:37.7329375+05:30","@version":"1","message":"Tomcat initialized with port 8080 (http)","logger_name":"org.springframework.boot.web.embedded.tomcat.TomcatWebServer","thread_name":"main","level":"INFO","level_value":20000}
{"@timestamp":"2025-06-18T00:19:37.7589392+05:30","@version":"1","message":"Initializing ProtocolHandler [\"http-nio-8080\"]","logger_name":"org.apache.coyote.http11.Http11NioProtocol","thread_name":"main","level":"INFO","level_value":20000}
{"@timestamp":"2025-06-18T00:19:37.7629388+05:30","@version":"1","message":"Starting service [Tomcat]","logger_name":"org.apache.catalina.core.StandardService","thread_name":"main","level":"INFO","level_value":20000}
{"@timestamp":"2025-06-18T00:19:37.7639322+05:30","@version":"1","message":"Starting Servlet engine: [Apache Tomcat/10.1.41]","logger_name":"org.apache.catalina.core.StandardEngine","thread_name":"main","level":"INFO","level_value":20000}
{"@timestamp":"2025-06-18T00:19:37.9199351+05:30","@version":"1","message":"Initializing Spring embedded WebApplicationContext","logger_name":"org.apache.catalina.core.ContainerBase.[Tomcat].[localhost].[/]","thread_name":"main","level":"INFO","level_value":20000}
{"@timestamp":"2025-06-18T00:19:37.9199351+05:30","@version":"1","message":"Root WebApplicationContext: initialization completed in 4592 ms","logger_name":"org.springframework.boot.web.servlet.context.ServletWebServerApplicationContext","thread_name":"main","level":"INFO","level_value":20000}
{"@timestamp":"2025-06-18T00:19:38.6069353+05:30","@version":"1","message":"\r\n\r\nUsing generated security password: 910af5bb-6253-4700-970b-592cdcd14389\r\n\r\nThis generated password is for development use only. Your security configuration must be updated before running your application in production.\r\n","logger_name":"org.springframework.boot.autoconfigure.security.servlet.UserDetailsServiceAutoConfiguration","thread_name":"main","level":"WARN","level_value":30000}
{"@timestamp":"2025-06-18T00:19:38.625932+05:30","@version":"1","message":"Global AuthenticationManager configured with UserDetailsService bean with name inMemoryUserDetailsManager","logger_name":"org.springframework.security.config.annotation.authentication.configuration.InitializeUserDetailsBeanManagerConfigurer$InitializeUserDetailsManagerConfigurer","thread_name":"main","level":"INFO","level_value":20000}
{"@timestamp":"2025-06-18T00:19:39.6539316+05:30","@version":"1","message":"Exposing 13 endpoints beneath base path '/actuator'","logger_name":"org.springframework.boot.actuate.endpoint.web.EndpointLinksResolver","thread_name":"main","level":"INFO","level_value":20000}
{"@timestamp":"2025-06-18T00:19:40.4949336+05:30","@version":"1","message":"Starting ProtocolHandler [\"http-nio-8080\"]","logger_name":"org.apache.coyote.http11.Http11NioProtocol","thread_name":"main","level":"INFO","level_value":20000}
{"@timestamp":"2025-06-18T00:19:40.5919316+05:30","@version":"1","message":"Tomcat started on port 8080 (http) with context path '/'","logger_name":"org.springframework.boot.web.embedded.tomcat.TomcatWebServer","thread_name":"main","level":"INFO","level_value":20000}
{"@timestamp":"2025-06-18T00:19:40.6519304+05:30","@version":"1","message":"Started ActuatorAppApplication in 11.008 seconds (process running for 11.932)","logger_name":"com.actuator_app.ActuatorAppApplication","thread_name":"main","level":"INFO","level_value":20000}
{"@timestamp":"2025-06-18T00:19:45.425234+05:30","@version":"1","message":"Initializing Spring DispatcherServlet 'dispatcherServlet'","logger_name":"org.apache.catalina.core.ContainerBase.[Tomcat].[localhost].[/]","thread_name":"http-nio-8080-exec-1","level":"INFO","level_value":20000}
{"@timestamp":"2025-06-18T00:19:45.4262333+05:30","@version":"1","message":"Initializing Servlet 'dispatcherServlet'","logger_name":"org.springframework.web.servlet.DispatcherServlet","thread_name":"http-nio-8080-exec-1","level":"INFO","level_value":20000}
{"@timestamp":"2025-06-18T00:19:45.4292498+05:30","@version":"1","message":"Completed initialization in 2 ms","logger_name":"org.springframework.web.servlet.DispatcherServlet","thread_name":"http-nio-8080-exec-1","level":"INFO","level_value":20000}
{"@timestamp":"2025-06-18T00:19:52.1015734+05:30","@version":"1","message":"This is an INFO log","logger_name":"com.actuator_app.LogTestController","thread_name":"http-nio-8080-exec-4","level":"INFO","level_value":20000}
{"@timestamp":"2025-06-18T00:22:50.1548447+05:30","@version":"1","message":"Commencing graceful shutdown. Waiting for active requests to complete","logger_name":"org.springframework.boot.web.embedded.tomcat.GracefulShutdown","thread_name":"SpringApplicationShutdownHook","level":"INFO","level_value":20000}
{"@timestamp":"2025-06-18T00:22:50.2338473+05:30","@version":"1","message":"Graceful shutdown complete","logger_name":"org.springframework.boot.web.embedded.tomcat.GracefulShutdown","thread_name":"tomcat-shutdown","level":"INFO","level_value":20000}
{"@timestamp":"2025-06-18T00:22:55.589637+05:30","@version":"1","message":"Starting ActuatorAppApplication using Java 17.0.12 with PID 12324 (C:\\Users\\LENOVO\\Downloads\\actuator-app\\target\\classes started by LENOVO in C:\\Users\\LENOVO\\Downloads\\actuator-app)","logger_name":"com.actuator_app.ActuatorAppApplication","thread_name":"main","level":"INFO","level_value":20000}
{"@timestamp":"2025-06-18T00:22:55.6206327+05:30","@version":"1","message":"No active profile set, falling back to 1 default profile: \"default\"","logger_name":"com.actuator_app.ActuatorAppApplication","thread_name":"main","level":"INFO","level_value":20000}
{"@timestamp":"2025-06-18T00:22:58.9286342+05:30","@version":"1","message":"Tomcat initialized with port 8080 (http)","logger_name":"org.springframework.boot.web.embedded.tomcat.TomcatWebServer","thread_name":"main","level":"INFO","level_value":20000}
{"@timestamp":"2025-06-18T00:22:58.9526325+05:30","@version":"1","message":"Initializing ProtocolHandler [\"http-nio-8080\"]","logger_name":"org.apache.coyote.http11.Http11NioProtocol","thread_name":"main","level":"INFO","level_value":20000}
{"@timestamp":"2025-06-18T00:22:58.9576322+05:30","@version":"1","message":"Starting service [Tomcat]","logger_name":"org.apache.catalina.core.StandardService","thread_name":"main","level":"INFO","level_value":20000}
{"@timestamp":"2025-06-18T00:22:58.9576322+05:30","@version":"1","message":"Starting Servlet engine: [Apache Tomcat/10.1.41]","logger_name":"org.apache.catalina.core.StandardEngine","thread_name":"main","level":"INFO","level_value":20000}
{"@timestamp":"2025-06-18T00:22:59.0966336+05:30","@version":"1","message":"Initializing Spring embedded WebApplicationContext","logger_name":"org.apache.catalina.core.ContainerBase.[Tomcat].[localhost].[/]","thread_name":"main","level":"INFO","level_value":20000}
{"@timestamp":"2025-06-18T00:22:59.0976318+05:30","@version":"1","message":"Root WebApplicationContext: initialization completed in 3363 ms","logger_name":"org.springframework.boot.web.servlet.context.ServletWebServerApplicationContext","thread_name":"main","level":"INFO","level_value":20000}
{"@timestamp":"2025-06-18T00:22:59.7176308+05:30","@version":"1","message":"\r\n\r\nUsing generated security password: c11172d5-3415-4538-a567-25b5429faeb2\r\n\r\nThis generated password is for development use only. Your security configuration must be updated before running your application in production.\r\n","logger_name":"org.springframework.boot.autoconfigure.security.servlet.UserDetailsServiceAutoConfiguration","thread_name":"main","level":"WARN","level_value":30000}
{"@timestamp":"2025-06-18T00:22:59.7366328+05:30","@version":"1","message":"Global AuthenticationManager configured with UserDetailsService bean with name inMemoryUserDetailsManager","logger_name":"org.springframework.security.config.annotation.authentication.configuration.InitializeUserDetailsBeanManagerConfigurer$InitializeUserDetailsManagerConfigurer","thread_name":"main","level":"INFO","level_value":20000}
{"@timestamp":"2025-06-18T00:23:00.5656426+05:30","@version":"1","message":"Exposing 13 endpoints beneath base path '/actuator'","logger_name":"org.springframework.boot.actuate.endpoint.web.EndpointLinksResolver","thread_name":"main","level":"INFO","level_value":20000}
{"@timestamp":"2025-06-18T00:23:01.1876316+05:30","@version":"1","message":"Starting ProtocolHandler [\"http-nio-8080\"]","logger_name":"org.apache.coyote.http11.Http11NioProtocol","thread_name":"main","level":"INFO","level_value":20000}
{"@timestamp":"2025-06-18T00:23:01.2276342+05:30","@version":"1","message":"Tomcat started on port 8080 (http) with context path '/'","logger_name":"org.springframework.boot.web.embedded.tomcat.TomcatWebServer","thread_name":"main","level":"INFO","level_value":20000}
{"@timestamp":"2025-06-18T00:23:01.264631+05:30","@version":"1","message":"Started ActuatorAppApplication in 7.922 seconds (process running for 8.993)","logger_name":"com.actuator_app.ActuatorAppApplication","thread_name":"main","level":"INFO","level_value":20000}
{"@timestamp":"2025-06-18T00:23:17.7265765+05:30","@version":"1","message":"Initializing Spring DispatcherServlet 'dispatcherServlet'","logger_name":"org.apache.catalina.core.ContainerBase.[Tomcat].[localhost].[/]","thread_name":"http-nio-8080-exec-1","level":"INFO","level_value":20000}
{"@timestamp":"2025-06-18T00:23:17.7265765+05:30","@version":"1","message":"Initializing Servlet 'dispatcherServlet'","logger_name":"org.springframework.web.servlet.DispatcherServlet","thread_name":"http-nio-8080-exec-1","level":"INFO","level_value":20000}
{"@timestamp":"2025-06-18T00:23:17.7305751+05:30","@version":"1","message":"Completed initialization in 3 ms","logger_name":"org.springframework.web.servlet.DispatcherServlet","thread_name":"http-nio-8080-exec-1","level":"INFO","level_value":20000}
{"@timestamp":"2025-06-18T00:23:17.885579+05:30","@version":"1","message":"This is an INFO log","logger_name":"com.actuator_app.LogTestController","thread_name":"http-nio-8080-exec-1","level":"INFO","level_value":20000}
